<?xml version="1.0" encoding="UTF-8"?>
<!-- Generated by org.testng.reporters.JUnitReportReporter -->
<testsuite hostname="DESKTOP-6AQI6HB" failures="0" tests="11" name="ZBBasics.ZBTestCases" time="26.347" errors="0" timestamp="18 May 2020 20:21:05 GMT" skipped="0">
  <testcase classname="ZBBasics.ZBTestCases" name="transferFunds" time="2.321"/>
  <testcase classname="ZBBasics.ZBTestCases" name="transferFunds" time="2.347"/>
  <testcase classname="ZBBasics.ZBTestCases" name="transferFunds" time="3.228"/>
  <testcase classname="ZBBasics.ZBTestCases" name="billPayment" time="2.434"/>
  <testcase classname="ZBBasics.ZBTestCases" name="billPayment" time="2.631"/>
  <testcase classname="ZBBasics.ZBTestCases" name="billPayment" time="1.921"/>
  <testcase classname="ZBBasics.ZBTestCases" name="addNewPayee" time="2.561"/>
  <testcase classname="ZBBasics.ZBTestCases" name="addNewPayee" time="2.283"/>
  <testcase classname="ZBBasics.ZBTestCases" name="purchaseCurrency" time="1.708"/>
  <testcase classname="ZBBasics.ZBTestCases" name="purchaseCurrency" time="2.203"/>
  <testcase classname="ZBBasics.ZBTestCases" name="findTransaction" time="2.710"/>
</testsuite> <!-- ZBBasics.ZBTestCases -->
