<?xml version="1.0" encoding="UTF-8"?>
<!-- Generated by org.testng.reporters.JUnitReportReporter -->
<testsuite hostname="DESKTOP-6AQI6HB" failures="0" tests="1" name="ZBBasics.ZBTransferFunds" time="6.416" errors="0" timestamp="16 Apr 2020 02:47:36 GMT" skipped="0">
  <testcase classname="ZBBasics.ZBTransferFunds" name="Transfer" time="6.416"/>
</testsuite> <!-- ZBBasics.ZBTransferFunds -->
