<?xml version="1.0" encoding="UTF-8"?>
<!-- Generated by org.testng.reporters.JUnitReportReporter -->
<testsuite hostname="DESKTOP-6AQI6HB" failures="0" tests="1" name="ZBBasics.ZBPayBills" time="0.000" errors="0" timestamp="16 Apr 2020 23:52:52 GMT" skipped="1">
  <testcase classname="ZBBasics.ZBPayBills" name="Payment" time="0.000">
    <skipped/>
  </testcase> <!-- Payment -->
</testsuite> <!-- ZBBasics.ZBPayBills -->
