<?xml version="1.0" encoding="UTF-8"?>
<!-- Generated by org.testng.reporters.JUnitReportReporter -->
<testsuite hostname="DESKTOP-6AQI6HB" failures="0" tests="1" name="ZBBasics.ZBTest" time="6.192" errors="0" timestamp="05 Apr 2020 01:15:18 GMT" skipped="0">
  <testcase classname="ZBBasics.ZBTest" name="zB" time="6.192"/>
</testsuite> <!-- ZBBasics.ZBTest -->
