<?xml version="1.0" encoding="UTF-8"?>
<!-- Generated by org.testng.reporters.JUnitReportReporter -->
<testsuite hostname="DESKTOP-6AQI6HB" failures="0" tests="11" name="ZBBasics.ZBTestCases" time="55.844" errors="0" timestamp="15 May 2020 20:56:56 GMT" skipped="0">
  <testcase classname="ZBBasics.ZBTestCases" name="transferFunds" time="4.169"/>
  <testcase classname="ZBBasics.ZBTestCases" name="transferFunds" time="6.447"/>
  <testcase classname="ZBBasics.ZBTestCases" name="transferFunds" time="6.365"/>
  <testcase classname="ZBBasics.ZBTestCases" name="billPayment" time="2.243"/>
  <testcase classname="ZBBasics.ZBTestCases" name="billPayment" time="3.964"/>
  <testcase classname="ZBBasics.ZBTestCases" name="billPayment" time="3.150"/>
  <testcase classname="ZBBasics.ZBTestCases" name="addNewPayee" time="3.406"/>
  <testcase classname="ZBBasics.ZBTestCases" name="addNewPayee" time="2.068"/>
  <testcase classname="ZBBasics.ZBTestCases" name="purchaseCurrency" time="8.057"/>
  <testcase classname="ZBBasics.ZBTestCases" name="purchaseCurrency" time="2.210"/>
  <testcase classname="ZBBasics.ZBTestCases" name="findTransaction" time="13.765"/>
</testsuite> <!-- ZBBasics.ZBTestCases -->
